<?xml version="1.0" encoding="UTF-8"?>
<testng-results skipped="0" failed="0" ignored="0" total="2" passed="2">
  <reporter-output>
  </reporter-output>
  <suite name="Default suite" duration-ms="41260" started-at="2020-09-16T07:19:48Z" finished-at="2020-09-16T07:20:30Z">
    <groups>
    </groups>
    <test name="Default test" duration-ms="41260" started-at="2020-09-16T07:19:48Z" finished-at="2020-09-16T07:20:30Z">
      <class name="all.selemium.commands.GetPosition">
        <test-method status="PASS" signature="setupTest()[pri:0, instance:all.selemium.commands.GetPosition@5dd6264]" name="setupTest" is-config="true" duration-ms="17929" started-at="2020-09-16T12:49:48Z" finished-at="2020-09-16T12:50:06Z">
          <reporter-output>
          </reporter-output>
        </test-method> <!-- setupTest -->
        <test-method status="PASS" signature="changeBrowserPosition()[pri:0, instance:all.selemium.commands.GetPosition@5dd6264]" name="changeBrowserPosition" duration-ms="282" started-at="2020-09-16T12:50:06Z" finished-at="2020-09-16T12:50:07Z">
          <reporter-output>
          </reporter-output>
        </test-method> <!-- changeBrowserPosition -->
        <test-method status="PASS" signature="tearDown()[pri:0, instance:all.selemium.commands.GetPosition@5dd6264]" name="tearDown" is-config="true" duration-ms="1769" started-at="2020-09-16T12:50:07Z" finished-at="2020-09-16T12:50:08Z">
          <reporter-output>
          </reporter-output>
        </test-method> <!-- tearDown -->
        <test-method status="PASS" signature="setupTest()[pri:0, instance:all.selemium.commands.GetPosition@5dd6264]" name="setupTest" is-config="true" duration-ms="16301" started-at="2020-09-16T12:50:08Z" finished-at="2020-09-16T12:50:25Z">
          <reporter-output>
          </reporter-output>
        </test-method> <!-- setupTest -->
        <test-method status="PASS" signature="getPosition()[pri:0, instance:all.selemium.commands.GetPosition@5dd6264]" name="getPosition" duration-ms="12" started-at="2020-09-16T12:50:25Z" finished-at="2020-09-16T12:50:25Z">
          <reporter-output>
          </reporter-output>
        </test-method> <!-- getPosition -->
        <test-method status="PASS" signature="tearDown()[pri:0, instance:all.selemium.commands.GetPosition@5dd6264]" name="tearDown" is-config="true" duration-ms="4933" started-at="2020-09-16T12:50:25Z" finished-at="2020-09-16T12:50:30Z">
          <reporter-output>
          </reporter-output>
        </test-method> <!-- tearDown -->
      </class> <!-- all.selemium.commands.GetPosition -->
    </test> <!-- Default test -->
  </suite> <!-- Default suite -->
</testng-results>
